2025-01-28 11:19:24,597 [INFO] Activator:176 - 


2025-01-28 11:19:24,599 [INFO] Activator:177 - !SESSION log4j initialized
2025-01-28 11:19:34,365 [INFO] LogOutputStream:77 - [STDOUT_REDIRECT] 
2025-01-28 11:20:09,503 [INFO] ApplicationProperties:184 - Using Application install path: /home/marco/st/stm32cubeide_1.17.0/plugins/com.st.stm32cube.common.mx_6.13.0.202411220809
2025-01-28 11:20:10,876 [INFO] DbMcusXml:78 - Set database path to: /home/marco/st/stm32cubeide_1.17.0/plugins/com.st.stm32cube.common.mx_6.13.0.202411220809//db//mcu/
2025-01-28 11:20:10,876 [INFO] ApiDb:274 - Set plugin database path to: /home/marco/st/stm32cubeide_1.17.0/plugins/com.st.stm32cube.common.mx_6.13.0.202411220809//db//plugins/boardmanager/
2025-01-28 11:20:10,876 [WARN] ApiDb:259 - Overriding images path with different value:  => /home/marco/st/stm32cubeide_1.17.0/plugins/com.st.stm32cube.common.mx_6.13.0.202411220809//db//plugins/mcufinder/images/
2025-01-28 11:20:12,318 [INFO] ApiDb:250 - Set database path to: /home/marco/.stmcufinder/plugins/mcufinder//mcu/
2025-01-28 11:20:12,383 [INFO] DbMcusAds:125 - Set database path to: /home/marco/.stmcufinder/plugins/mcufinder//mcu/
2025-01-28 11:20:12,393 [INFO] CrossReferenceDbSqlite:203 - Set database path to: /home/marco/.stmcufinder/plugins/mcufinder//mcu/cs/
2025-01-28 11:20:13,626 [INFO] RulesReader:64 - Compatibility file has been processed (297 Rules)
2025-01-28 11:20:15,442 [INFO] DbMcusXml:78 - Set database path to: /home/marco/st/stm32cubeide_1.17.0/plugins/com.st.stm32cube.common.mx_6.13.0.202411220809//db//mcu/
2025-01-28 11:20:15,442 [INFO] ApiDb:274 - Set plugin database path to: /home/marco/st/stm32cubeide_1.17.0/plugins/com.st.stm32cube.common.mx_6.13.0.202411220809//db//plugins/boardmanager/
2025-01-28 11:20:15,442 [INFO] ApiDb:261 - Set plugin images path to: /home/marco/st/stm32cubeide_1.17.0/plugins/com.st.stm32cube.common.mx_6.13.0.202411220809//db//plugins/mcufinder/images/
2025-01-28 11:20:15,442 [WARN] DbFile:41 - Overriding database path with different value: /home/marco/.stmcufinder/plugins/mcufinder/ => /home/marco/.stmcufinder/plugins/mcufinder
2025-01-28 11:20:15,443 [INFO] ApiDb:250 - Set database path to: /home/marco/.stmcufinder/plugins/mcufinder//mcu/
2025-01-28 11:20:15,443 [WARN] DbFile:41 - Overriding database path with different value: /home/marco/.stmcufinder/plugins/mcufinder/ => /home/marco/.stmcufinder/plugins/mcufinder
2025-01-28 11:20:15,443 [INFO] DbMcusAds:125 - Set database path to: /home/marco/.stmcufinder/plugins/mcufinder//mcu/
2025-01-28 11:20:15,443 [WARN] DbFile:41 - Overriding database path with different value: /home/marco/.stmcufinder/plugins/mcufinder/ => /home/marco/.stmcufinder/plugins/mcufinder
2025-01-28 11:20:15,443 [WARN] DbFile:41 - Overriding database path with different value: /home/marco/.stmcufinder/plugins/mcufinder/ => /home/marco/.stmcufinder/plugins/mcufinder
2025-01-28 11:20:15,443 [INFO] CrossReferenceDbSqlite:203 - Set database path to: /home/marco/.stmcufinder/plugins/mcufinder//mcu/cs/
2025-01-28 11:20:23,766 [INFO] MainPanel:272 - HeapMemory: 268435456
2025-01-28 11:20:36,957 [INFO] DbMcusXml:78 - Set database path to: /home/marco/st/stm32cubeide_1.17.0/plugins/com.st.stm32cube.common.mx_6.13.0.202411220809//db//mcu/
2025-01-28 11:20:36,957 [INFO] ApiDb:274 - Set plugin database path to: /home/marco/st/stm32cubeide_1.17.0/plugins/com.st.stm32cube.common.mx_6.13.0.202411220809//db//plugins/boardmanager/
2025-01-28 11:20:36,957 [INFO] ApiDb:261 - Set plugin images path to: /home/marco/st/stm32cubeide_1.17.0/plugins/com.st.stm32cube.common.mx_6.13.0.202411220809//db//plugins/mcufinder/images/
2025-01-28 11:20:36,957 [WARN] DbFile:41 - Overriding database path with different value: /home/marco/.stmcufinder/plugins/mcufinder/ => /home/marco/.stmcufinder/plugins/mcufinder
2025-01-28 11:20:36,957 [INFO] ApiDb:250 - Set database path to: /home/marco/.stmcufinder/plugins/mcufinder//mcu/
2025-01-28 11:20:36,957 [WARN] DbFile:41 - Overriding database path with different value: /home/marco/.stmcufinder/plugins/mcufinder/ => /home/marco/.stmcufinder/plugins/mcufinder
2025-01-28 11:20:36,957 [INFO] DbMcusAds:125 - Set database path to: /home/marco/.stmcufinder/plugins/mcufinder//mcu/
2025-01-28 11:20:36,957 [WARN] DbFile:41 - Overriding database path with different value: /home/marco/.stmcufinder/plugins/mcufinder/ => /home/marco/.stmcufinder/plugins/mcufinder
2025-01-28 11:20:36,958 [WARN] DbFile:41 - Overriding database path with different value: /home/marco/.stmcufinder/plugins/mcufinder/ => /home/marco/.stmcufinder/plugins/mcufinder
2025-01-28 11:20:36,978 [INFO] CrossReferenceDbSqlite:203 - Set database path to: /home/marco/.stmcufinder/plugins/mcufinder//mcu/cs/
2025-01-28 11:20:37,251 [INFO] ApplicationProperties:184 - Using Application install path: /home/marco/st/stm32cubeide_1.17.0/plugins/com.st.stm32cube.common.mx_6.13.0.202411220809
2025-01-28 11:20:37,306 [INFO] PluginManage:196 - Search for loadable plugins [exclusion list=, ]
2025-01-28 11:20:37,307 [INFO] PluginManage:310 - Check plugin analytics
2025-01-28 11:20:38,718 [INFO] AnalyticsPlugin:253 - Accepted Software Licenses: 
2025-01-28 11:20:38,718 [INFO] AnalyticsPlugin:255 - Accepted CMSIS Pack Licenses: 
2025-01-28 11:20:38,718 [INFO] AnalyticsPlugin:257 - Accepted Firmware Licenses: FW.F4.1.28.0,FW.G0.1.6.0
2025-01-28 11:20:38,719 [INFO] PluginManage:359 - Loaded plugin analytics (category:tool,tabindex:-1)
2025-01-28 11:20:38,719 [INFO] PluginManage:310 - Check plugin cadmodel
2025-01-28 11:20:38,834 [INFO] CADModel:105 - Init CAD model plugin
2025-01-28 11:20:38,834 [INFO] PluginManage:359 - Loaded plugin cadmodel (category:power,tabindex:5)
2025-01-28 11:20:38,834 [INFO] PluginManage:310 - Check plugin clock
2025-01-28 11:20:38,959 [INFO] PluginManage:359 - Loaded plugin clock (category:base,tabindex:2)
2025-01-28 11:20:38,959 [INFO] PluginManage:310 - Check plugin ddr
2025-01-28 11:20:39,014 [INFO] PluginManage:359 - Loaded plugin ddr (category:tool,tabindex:6)
2025-01-28 11:20:39,014 [INFO] PluginManage:310 - Check plugin filemanager
2025-01-28 11:20:39,846 [INFO] PluginManage:359 - Loaded plugin filemanager (category:base,tabindex:10)
2025-01-28 11:20:39,847 [INFO] PluginManage:310 - Check plugin ipmanager
2025-01-28 11:20:39,864 [INFO] PluginManage:359 - Loaded plugin ipmanager (category:base,tabindex:5)
2025-01-28 11:20:39,865 [INFO] PluginManage:310 - Check plugin lpbam
2025-01-28 11:20:39,960 [INFO] PluginManage:359 - Loaded plugin lpbam (category:base,tabindex:0)
2025-01-28 11:20:39,960 [INFO] PluginManage:310 - Check plugin memorymap
2025-01-28 11:20:40,093 [INFO] PluginManage:359 - Loaded plugin memorymap (category:base,tabindex:4)
2025-01-28 11:20:40,094 [INFO] PluginManage:310 - Check plugin pinoutandconfiguration
2025-01-28 11:20:40,193 [INFO] PluginManage:359 - Loaded plugin pinoutandconfiguration (category:base,tabindex:1)
2025-01-28 11:20:40,193 [INFO] PluginManage:310 - Check plugin pinoutconfig
2025-01-28 11:20:40,591 [WARN] SupportedApi:132 - Cannot load RTOS API schema: s4s-elt-must-match.1: The content of 'definitions' must match (annotation?, (simpleType | complexType)?, (unique | key | keyref)*)). A problem was found starting at: attribute.
2025-01-28 11:20:41,003 [INFO] PluginManage:359 - Loaded plugin pinoutconfig (category:base,tabindex:0)
2025-01-28 11:20:41,003 [INFO] PluginManage:310 - Check plugin power
2025-01-28 11:20:41,265 [INFO] PluginManage:359 - Loaded plugin power (category:power,tabindex:4)
2025-01-28 11:20:41,265 [INFO] PluginManage:310 - Check plugin projectmanager
2025-01-28 11:20:41,299 [INFO] PluginManage:359 - Loaded plugin projectmanager (category:projectmanager,tabindex:4)
2025-01-28 11:20:41,299 [INFO] PluginManage:310 - Check plugin rif
2025-01-28 11:20:41,407 [INFO] PluginManage:359 - Loaded plugin rif (category:base,tabindex:3)
2025-01-28 11:20:41,407 [INFO] PluginManage:310 - Check plugin thirdparty
2025-01-28 11:20:41,883 [WARN] IntegrityCheckThread:84 - waiting for thirdparty lock release [integrity check]
2025-01-28 11:20:41,883 [INFO] IntegrityCheckThread:86 - entering critical section [integrity check]
2025-01-28 11:20:41,883 [INFO] PluginManage:359 - Loaded plugin thirdparty (category:base,tabindex:-1)
2025-01-28 11:20:41,883 [INFO] PluginManage:310 - Check plugin tools
2025-01-28 11:20:41,883 [INFO] ThirdPartyUpdaterWithRetryManager:70 - Updater plugin not ready yet. [1/15]
2025-01-28 11:20:41,912 [INFO] PluginManage:359 - Loaded plugin tools (category:base,tabindex:7)
2025-01-28 11:20:41,912 [INFO] PluginManage:310 - Check plugin tutovideos
2025-01-28 11:20:42,545 [INFO] PluginManage:359 - Loaded plugin tutovideos (category:base,tabindex:-1)
2025-01-28 11:20:42,545 [INFO] PluginManage:310 - Check plugin updater
2025-01-28 11:20:42,707 [INFO] PluginManage:359 - Loaded plugin updater (category:base,tabindex:12)
2025-01-28 11:20:42,707 [INFO] PluginManage:310 - Check plugin userauth
2025-01-28 11:20:42,841 [INFO] UserAuth:118 - Init User Auth plugin
2025-01-28 11:20:42,842 [INFO] PluginManage:359 - Loaded plugin userauth (category:base,tabindex:14)
2025-01-28 11:20:42,842 [INFO] PluginManage:283 - PluginManage : Loaded plugins [18]
2025-01-28 11:20:43,955 [INFO] PinOutPanel:1589 - setPackage(No Configuration,No Configuration)
2025-01-28 11:20:44,395 [INFO] CADModel:165 - CPN selected for project level
2025-01-28 11:20:44,396 [INFO] CADModel:114 - Register for checkConnection events
2025-01-28 11:20:44,558 [INFO] IPUIPlugin:80 - create IPUIPlugin
2025-01-28 11:20:44,558 [INFO] PluginManager:220 - loadIPPluginJar : add gic
2025-01-28 11:20:44,566 [INFO] IPUIPlugin:80 - create IPUIPlugin
2025-01-28 11:20:44,566 [INFO] PluginManager:220 - loadIPPluginJar : add tim
2025-01-28 11:20:44,569 [INFO] IPUIPlugin:80 - create IPUIPlugin
2025-01-28 11:20:44,569 [INFO] PluginManager:220 - loadIPPluginJar : add ucpd
2025-01-28 11:20:44,609 [INFO] IPUIPlugin:80 - create IPUIPlugin
2025-01-28 11:20:44,609 [INFO] PluginManager:220 - loadIPPluginJar : add can
2025-01-28 11:20:44,611 [INFO] IPUIPlugin:80 - create IPUIPlugin
2025-01-28 11:20:44,611 [INFO] PluginManager:220 - loadIPPluginJar : add lorawan
2025-01-28 11:20:44,613 [INFO] IPUIPlugin:80 - create IPUIPlugin
2025-01-28 11:20:44,613 [INFO] PluginManager:220 - loadIPPluginJar : add usbx
2025-01-28 11:20:44,614 [INFO] IPUIPlugin:80 - create IPUIPlugin
2025-01-28 11:20:44,614 [INFO] PluginManager:220 - loadIPPluginJar : add gtzc
2025-01-28 11:20:44,626 [INFO] IPUIPlugin:80 - create IPUIPlugin
2025-01-28 11:20:44,626 [INFO] PluginManager:220 - loadIPPluginJar : add opamp
2025-01-28 11:20:44,629 [INFO] IPUIPlugin:80 - create IPUIPlugin
2025-01-28 11:20:44,629 [INFO] PluginManager:220 - loadIPPluginJar : add i2s
2025-01-28 11:20:44,631 [INFO] IPUIPlugin:80 - create IPUIPlugin
2025-01-28 11:20:44,632 [INFO] PluginManager:220 - loadIPPluginJar : add stm32_wpan
2025-01-28 11:20:44,643 [INFO] IPUIPlugin:80 - create IPUIPlugin
2025-01-28 11:20:44,643 [INFO] PluginManager:220 - loadIPPluginJar : add sai
2025-01-28 11:20:44,644 [INFO] IPUIPlugin:80 - create IPUIPlugin
2025-01-28 11:20:44,644 [INFO] PluginManager:220 - loadIPPluginJar : add comp
2025-01-28 11:20:44,711 [INFO] IPUIPlugin:80 - create IPUIPlugin
2025-01-28 11:20:44,711 [INFO] PluginManager:220 - loadIPPluginJar : add ddr_ctrl_phy
2025-01-28 11:20:44,768 [INFO] IPUIPlugin:80 - create IPUIPlugin
2025-01-28 11:20:44,768 [INFO] PluginManager:220 - loadIPPluginJar : add resmgrutility
2025-01-28 11:20:44,851 [INFO] IPUIPlugin:80 - create IPUIPlugin
2025-01-28 11:20:44,851 [INFO] PluginManager:220 - loadIPPluginJar : add mdma
2025-01-28 11:20:44,883 [INFO] ThirdPartyUpdaterWithRetryManager:70 - Updater plugin not ready yet. [2/15]
2025-01-28 11:20:44,897 [INFO] IPUIPlugin:80 - create IPUIPlugin
2025-01-28 11:20:44,897 [INFO] PluginManager:220 - loadIPPluginJar : add freertos
2025-01-28 11:20:44,946 [INFO] IPUIPlugin:80 - create IPUIPlugin
2025-01-28 11:20:44,946 [INFO] PluginManager:220 - loadIPPluginJar : add nvic
2025-01-28 11:20:44,949 [INFO] IPUIPlugin:80 - create IPUIPlugin
2025-01-28 11:20:44,949 [INFO] PluginManager:220 - loadIPPluginJar : add i2c
2025-01-28 11:20:45,017 [INFO] IPUIPlugin:80 - create IPUIPlugin
2025-01-28 11:20:45,017 [INFO] PluginManager:220 - loadIPPluginJar : add gpio
2025-01-28 11:20:45,019 [INFO] IPUIPlugin:80 - create IPUIPlugin
2025-01-28 11:20:45,019 [INFO] PluginManager:220 - loadIPPluginJar : add radio
2025-01-28 11:20:45,020 [INFO] IPUIPlugin:80 - create IPUIPlugin
2025-01-28 11:20:45,020 [INFO] PluginManager:220 - loadIPPluginJar : add usart
2025-01-28 11:20:45,021 [INFO] IPUIPlugin:80 - create IPUIPlugin
2025-01-28 11:20:45,021 [INFO] PluginManager:220 - loadIPPluginJar : add genericplugin
2025-01-28 11:20:45,024 [INFO] IPUIPlugin:80 - create IPUIPlugin
2025-01-28 11:20:45,024 [INFO] PluginManager:220 - loadIPPluginJar : add ts
2025-01-28 11:20:45,050 [INFO] IPUIPlugin:80 - create IPUIPlugin
2025-01-28 11:20:45,051 [INFO] PluginManager:220 - loadIPPluginJar : add ipddr
2025-01-28 11:20:45,063 [INFO] IPUIPlugin:80 - create IPUIPlugin
2025-01-28 11:20:45,063 [INFO] PluginManager:220 - loadIPPluginJar : add dfsdm
2025-01-28 11:20:45,064 [INFO] IPUIPlugin:80 - create IPUIPlugin
2025-01-28 11:20:45,064 [INFO] PluginManager:220 - loadIPPluginJar : add tracer_emb
2025-01-28 11:20:45,068 [INFO] IPUIPlugin:80 - create IPUIPlugin
2025-01-28 11:20:45,068 [INFO] PluginManager:220 - loadIPPluginJar : add extmemmanager
2025-01-28 11:20:45,160 [INFO] IPUIPlugin:80 - create IPUIPlugin
2025-01-28 11:20:45,161 [INFO] PluginManager:220 - loadIPPluginJar : add plateformsettings
2025-01-28 11:20:45,172 [INFO] IPUIPlugin:80 - create IPUIPlugin
2025-01-28 11:20:45,172 [INFO] PluginManager:220 - loadIPPluginJar : add gfxmmu
2025-01-28 11:20:45,232 [INFO] IPUIPlugin:80 - create IPUIPlugin
2025-01-28 11:20:45,232 [INFO] PluginManager:220 - loadIPPluginJar : add aes
2025-01-28 11:20:45,242 [INFO] IPUIPlugin:80 - create IPUIPlugin
2025-01-28 11:20:45,242 [INFO] PluginManager:220 - loadIPPluginJar : add linkedlist
2025-01-28 11:20:45,244 [INFO] IPUIPlugin:80 - create IPUIPlugin
2025-01-28 11:20:45,244 [INFO] PluginManager:220 - loadIPPluginJar : add fmc
2025-01-28 11:20:45,247 [INFO] IPUIPlugin:80 - create IPUIPlugin
2025-01-28 11:20:45,247 [INFO] PluginManager:220 - loadIPPluginJar : add openamp
2025-01-28 11:20:45,248 [INFO] IPUIPlugin:80 - create IPUIPlugin
2025-01-28 11:20:45,249 [INFO] PluginManager:220 - loadIPPluginJar : add touchsensing
2025-01-28 11:20:45,250 [INFO] IPUIPlugin:80 - create IPUIPlugin
2025-01-28 11:20:45,250 [INFO] PluginManager:220 - loadIPPluginJar : add dma3
2025-01-28 11:20:45,251 [INFO] IPUIPlugin:80 - create IPUIPlugin
2025-01-28 11:20:45,251 [INFO] PluginManager:220 - loadIPPluginJar : add tsc
2025-01-28 11:20:45,252 [INFO] IPUIPlugin:80 - create IPUIPlugin
2025-01-28 11:20:45,252 [INFO] PluginManager:220 - loadIPPluginJar : add quadspi
2025-01-28 11:20:45,316 [INFO] IPUIPlugin:80 - create IPUIPlugin
2025-01-28 11:20:45,316 [INFO] PluginManager:220 - loadIPPluginJar : add adc
2025-01-28 11:20:45,317 [INFO] IPUIPlugin:80 - create IPUIPlugin
2025-01-28 11:20:45,317 [INFO] PluginManager:220 - loadIPPluginJar : add fatfs
2025-01-28 11:20:45,320 [INFO] IPUIPlugin:80 - create IPUIPlugin
2025-01-28 11:20:45,320 [INFO] PluginManager:220 - loadIPPluginJar : add cryp
2025-01-28 11:20:45,322 [INFO] IPUIPlugin:80 - create IPUIPlugin
2025-01-28 11:20:45,322 [INFO] PluginManager:220 - loadIPPluginJar : add ltdc
2025-01-28 11:20:45,344 [INFO] IPUIPlugin:80 - create IPUIPlugin
2025-01-28 11:20:45,344 [INFO] PluginManager:220 - loadIPPluginJar : add dma
2025-01-28 11:20:45,347 [INFO] IPUIPlugin:80 - create IPUIPlugin
2025-01-28 11:20:45,347 [INFO] PluginManager:220 - loadIPPluginJar : add pdm2pcm
2025-01-28 11:20:45,348 [INFO] IPUIPlugin:80 - create IPUIPlugin
2025-01-28 11:20:45,348 [INFO] PluginManager:220 - loadIPPluginJar : add hash
2025-01-28 11:20:45,350 [INFO] IPUIPlugin:80 - create IPUIPlugin
2025-01-28 11:20:45,350 [INFO] PluginManager:220 - loadIPPluginJar : add spi
2025-01-28 11:20:45,352 [INFO] IPUIPlugin:80 - create IPUIPlugin
2025-01-28 11:20:45,352 [INFO] PluginManager:220 - loadIPPluginJar : add i3c
2025-01-28 11:20:45,486 [FATAL] Updater:351 - Updater called before beeing initialized
2025-01-28 11:20:45,641 [INFO] RulesReader:64 - Compatibility file has been processed (297 Rules)
2025-01-28 11:20:45,645 [INFO] RulesReader:64 - Compatibility file has been processed (297 Rules)
2025-01-28 11:20:45,648 [INFO] CADModel:165 - CPN selected for project level
2025-01-28 11:20:45,648 [INFO] CADModel:114 - Register for checkConnection events
2025-01-28 11:20:45,648 [FATAL] Updater:351 - Updater called before beeing initialized
2025-01-28 11:20:45,648 [ERROR] CADModel:125 - Updater not yet initialized, retry later 
2025-01-28 11:20:46,306 [FATAL] Updater:351 - Updater called before beeing initialized
2025-01-28 11:20:46,310 [INFO] CADModel:165 - CPN selected for project level
2025-01-28 11:20:46,310 [INFO] CADModel:114 - Register for checkConnection events
2025-01-28 11:20:46,310 [FATAL] Updater:351 - Updater called before beeing initialized
2025-01-28 11:20:46,310 [ERROR] CADModel:125 - Updater not yet initialized, retry later 
2025-01-28 11:20:46,312 [FATAL] Updater:351 - Updater called before beeing initialized
2025-01-28 11:20:46,475 [FATAL] Updater:351 - Updater called before beeing initialized
2025-01-28 11:20:46,498 [INFO] DbMcusAds:53 - JSON generation date=Tue Dec 17 11:01:15 EST 2024 (1734451275230)
2025-01-28 11:20:46,498 [FATAL] Updater:351 - Updater called before beeing initialized
2025-01-28 11:20:46,769 [WARN] DetailPanel:346 - Failed to get advertising image, set to default
2025-01-28 11:20:46,956 [FATAL] Updater:351 - Updater called before beeing initialized
2025-01-28 11:20:46,958 [FATAL] Updater:351 - Updater called before beeing initialized
2025-01-28 11:20:46,958 [FATAL] Updater:351 - Updater called before beeing initialized
2025-01-28 11:20:46,958 [WARN] DetailPanel:346 - Failed to get advertising image, set to default
2025-01-28 11:20:46,958 [FATAL] Updater:351 - Updater called before beeing initialized
2025-01-28 11:20:47,043 [ERROR] Updater:1198 - MainUpdater not yet initialized. External WinMGr cannot be set.
2025-01-28 11:20:47,060 [INFO] Updater:1134 - Updater Version found : 6.13.0
2025-01-28 11:20:47,159 [INFO] ApplicationProperties:184 - Using Application install path: /home/marco/st/stm32cubeide_1.17.0/plugins/com.st.stm32cube.common.mx_6.13.0.202411220809
2025-01-28 11:20:47,884 [INFO] ThirdPartyUpdaterWithRetryManager:70 - Updater plugin not ready yet. [3/15]
2025-01-28 11:20:50,884 [FATAL] Updater:351 - Updater called before beeing initialized
2025-01-28 11:20:50,884 [ERROR] IntegrityCheckThread:130 - Cannot retrieve database content from updater: error 21
2025-01-28 11:20:50,885 [INFO] ThirdParty:978 - Integrity check success = false
2025-01-28 11:20:50,885 [INFO] IntegrityCheckThread:100 - exiting critical section [integrity check]
2025-01-28 11:20:50,885 [INFO] IntegrityCheckThread:103 - End integrity checks thread
2025-01-28 11:20:52,177 [INFO] MainUpdater:2872 - connection check result : 10
2025-01-28 11:20:52,179 [INFO] MainUpdater:3566 - Updater definition file requires update
2025-01-28 11:20:52,180 [INFO] MainUpdater:289 - Updater Check For Update Now.
2025-01-28 11:20:52,180 [INFO] MicroXplorer:498 - Change Database Version : DB.6.0.130
2025-01-28 11:20:52,212 [INFO] ServerAccessManage:473 - Download File updaters.zip
2025-01-28 11:20:53,190 [INFO] McuFinderGlobals:63 - Set McuFinder mode to 2 (CubeIDE integrated)
2025-01-28 11:20:53,507 [INFO] UserAuth:486 - Internet connection configuration mode: 1
2025-01-28 11:20:54,903 [INFO] FileExtend:240 - Unzip File : updaters.zip
2025-01-28 11:20:54,903 [INFO] FileExtend:255 - Standard Zip Deflate
2025-01-28 11:21:01,332 [INFO] JxBrowserEngine:152 - Initiate JxBrowser Engine with user profile folder
2025-01-28 11:21:19,110 [INFO] ServerAccessManage:473 - Download File PacksControlFlags.xml
2025-01-28 11:21:19,727 [INFO] ServerAccessManage:473 - Download File cubemx.pidx
2025-01-28 11:21:24,477 [INFO] LoadServerUpdatesThread:375 - End of LoadServerUpdate Thread
2025-01-28 11:21:26,449 [INFO] CheckServerUpdateThread:120 - End of CheckServer Thread
2025-01-28 11:21:44,102 [INFO] WebApp:168 - Instantiating new browser for Auth
2025-01-28 11:22:01,589 [INFO] WebApp:449 - Apply proxy settings
2025-01-28 11:22:01,589 [INFO] WebApp:534 - Chromium requires no authentication
2025-01-28 11:22:02,352 [INFO] WebApp:477 - Direct internet connection detected
2025-01-28 11:22:03,079 [INFO] WebApp:880 - Register for checkConnection events
2025-01-28 11:22:03,079 [INFO] WebApp:449 - Apply proxy settings
2025-01-28 11:22:03,079 [INFO] WebApp:534 - Chromium requires no authentication
2025-01-28 11:22:03,080 [INFO] WebApp:477 - Direct internet connection detected
2025-01-28 11:22:06,018 [INFO] WebApp:221 - Starting web application
2025-01-28 11:22:06,018 [INFO] WebApp:579 - Web application path used /home/marco/st/stm32cubeide_1.17.0/plugins/com.st.stm32cube.common.mx_6.13.0.202411220809/db/plugins/mcufinder/reactClient1/index.html
2025-01-28 11:22:21,159 [INFO] WebApp:187 - Connection restablished
